<?xml version="1.0" encoding="UTF-8"?>
<!-- Generated by org.testng.reporters.JUnitReportReporter -->
<testsuite skipped="0" hostname="CIPLW05" name="sampleprogram.Main" tests="1" failures="0" timestamp="06 Sep 2017 08:46:39 GMT" time="12.288" errors="0">
  <testcase name="call" time="12.288" classname="sampleprogram.Main"/>
</testsuite> <!-- sampleprogram.Main -->
